[2026-05-05 14:46:31,241] multiqc                                            [DEBUG  ]  This is MultiQC v1.21
[2026-05-05 14:46:31,242] multiqc                                            [DEBUG  ]  Command used: /home/jurtasun/.conda/envs/basic_qc/bin/multiqc /home/jurtasun/mnt/network/public/lms_data_science/P260508_urtasun_lms_data_science/results/fastqc --outdir /home/jurtasun/mnt/network/public/lms_data_science/P260508_urtasun_lms_data_science/results/multiqc --filename multiqc_report
[2026-05-05 14:46:33,278] multiqc                                            [DEBUG  ]  Timed out after waiting for 2s for multiqc.info to check latest version: HTTPSConnectionPool(host='api.multiqc.info', port=443): Read timed out. (read timeout=2)
[2026-05-05 14:46:33,279] multiqc                                            [DEBUG  ]  Working dir : /home/jurtasun/mnt/network/public/lms_data_science/P260508_urtasun_lms_data_science/2_scripts
[2026-05-05 14:46:33,280] multiqc                                            [DEBUG  ]  Template    : default
[2026-05-05 14:46:33,280] multiqc                                            [DEBUG  ]  Running Python 3.14.4 | packaged by conda-forge | (main, Apr  8 2026, 01:59:35) [GCC 14.3.0]
[2026-05-05 14:46:33,280] multiqc                                            [DEBUG  ]  Analysing modules: custom_content, ccs, ngsderive, purple, conpair, isoseq, lima, peddy, somalier, methylqa, mosdepth, phantompeakqualtools, qualimap, bamdst, preseq, hifiasm, quast, qorts, rna_seqc, rockhopper, rsem, rseqc, busco, bustools, goleft_indexcov, gffcompare, disambiguate, supernova, deeptools, sargasso, verifybamid, mirtrace, happy, mirtop, sambamba, gopeaks, homer, hops, macs2, theta2, snpeff, gatk, htseq, bcftools, featureCounts, fgbio, dragen, dragen_fastqc, dedup, pbmarkdup, damageprofiler, mapdamage, biobambam2, jcvi, mtnucratio, picard, vep, bakta, prokka, qc3C, nanostat, samblaster, samtools, sexdeterrmine, seqera_cli, eigenstratdatabasetools, bamtools, jellyfish, vcftools, longranger, stacks, varscan2, snippy, umitools, truvari, megahit, bbmap, bismark, biscuit, diamond, hicexplorer, hicup, hicpro, salmon, kallisto, slamdunk, star, hisat2, tophat, bowtie2, bowtie1, cellranger, snpsplit, odgi, pangolin, nextclade, freyja, humid, kat, leehom, librarian, nonpareil, adapterRemoval, bbduk, clipandmerge, cutadapt, flexbar, sourmash, kaiju, bracken, kraken, malt, motus, trimmomatic, sickle, skewer, sortmerna, biobloomtools, fastq_screen, afterqc, fastp, fastqc, filtlong, prinseqplusplus, pychopper, porechop, pycoqc, minionqc, anglerfish, multivcfanalyzer, clusterflow, checkqc, bcl2fastq, bclconvert, interop, ivar, flash, seqyclean, optitype, whatshap, spaceranger, xenome, xengsort, metaphlan, seqwho
[2026-05-05 14:46:33,280] multiqc                                            [DEBUG  ]  Using temporary directory for creating report: /home/jurtasun/mnt/scratch/jurtasun/tmp__vggr90
[2026-05-05 14:46:33,309] multiqc                                            [INFO   ]  Search path : /home/jurtasun/mnt/network/public/lms_data_science/P260508_urtasun_lms_data_science/results/fastqc
[2026-05-05 14:46:33,758] multiqc                                            [DEBUG  ]  Summary of files that were skipped by the search: [skipped_module_specific_max_filesize: 234] // [skipped_no_match: 18]
[2026-05-05 14:46:33,973] multiqc                                            [DEBUG  ]  No samples found: custom_content
[2026-05-05 14:46:34,376] multiqc.modules.fastqc.fastqc                      [INFO   ]  Found 18 reports
[2026-05-05 14:46:34,377] multiqc.utils.util_functions                       [DEBUG  ]  Wrote data file multiqc_fastqc.txt
[2026-05-05 14:46:35,315] multiqc.plots.plotly.heatmap                       [DEBUG  ]  Resizing from 495x594 to fit the maximum size 900x500
[2026-05-05 14:46:35,315] multiqc.plots.plotly.heatmap                       [DEBUG  ]  Heatmap size: 900x500, px per element: 81.82x27.78
[2026-05-05 14:46:35,347] multiqc.utils.software_versions                    [DEBUG  ]  Reading software versions from config.software_versions
[2026-05-05 14:46:35,355] multiqc.utils.util_functions                       [DEBUG  ]  Wrote data file multiqc_software_versions.txt
[2026-05-05 14:46:35,369] multiqc.utils.util_functions                       [DEBUG  ]  Wrote data file multiqc_general_stats.txt
[2026-05-05 14:46:35,369] multiqc                                            [DEBUG  ]  Compressing plot data
[2026-05-05 14:46:35,515] multiqc.utils.util_functions                       [DEBUG  ]  Wrote data file multiqc_data.json
[2026-05-05 14:46:35,517] multiqc                                            [INFO   ]  Report      : ../results/multiqc/multiqc_report.html
[2026-05-05 14:46:35,517] multiqc                                            [INFO   ]  Data        : ../results/multiqc/multiqc_report_data
[2026-05-05 14:46:35,517] multiqc                                            [DEBUG  ]  Moving data file from '/home/jurtasun/mnt/scratch/jurtasun/tmp__vggr90/multiqc_data' to '/home/jurtasun/mnt/network/public/lms_data_science/P260508_urtasun_lms_data_science/results/multiqc/multiqc_report_data'
[2026-05-05 14:46:35,538] multiqc                                            [DEBUG  ]  Full report path: /home/jurtasun/mnt/network/public/lms_data_science/P260508_urtasun_lms_data_science/results/multiqc/multiqc_report.html
[2026-05-05 14:46:36,026] multiqc                                            [INFO   ]  MultiQC complete
